<?xml version="1.0" encoding="UTF-8"?>
<!-- Generated by org.testng.reporters.JUnitReportReporter -->
<testsuite hostname="Mypc" name="testNG.Org_UserReg_TestNG" tests="1" failures="0" timestamp="25 May 2019 23:49:36 GMT" time="28.872" errors="0">
  <testcase name="Org_UserReg" time="28.872" classname="testNG.Org_UserReg_TestNG"/>
</testsuite> <!-- testNG.Org_UserReg_TestNG -->
