<?xml version="1.0" encoding="UTF-8"?>
<!-- Generated by org.testng.reporters.JUnitReportReporter -->
<testsuite hostname="Mypc" name="testNG.EmpReg_TestNG" tests="4" failures="0" timestamp="26 May 2019 00:01:33 GMT" time="50.290" errors="0">
  <testcase name="Org_Empreg" time="12.693" classname="testNG.EmpReg_TestNG"/>
  <testcase name="Org_Empreg" time="11.717" classname="testNG.EmpReg_TestNG"/>
  <testcase name="Org_Empreg" time="14.345" classname="testNG.EmpReg_TestNG"/>
  <testcase name="Org_Empreg" time="11.535" classname="testNG.EmpReg_TestNG"/>
</testsuite> <!-- testNG.EmpReg_TestNG -->
