<?xml version="1.0" encoding="UTF-8"?>
<!-- Generated by org.testng.reporters.JUnitReportReporter -->
<testsuite hostname="Mypc" name="pom.LoginTest_POM" tests="1" failures="0" timestamp="26 May 2019 00:27:12 GMT" time="37.912" errors="0">
  <testcase name="login" time="37.912" classname="pom.LoginTest_POM"/>
</testsuite> <!-- pom.LoginTest_POM -->
