<?xml version="1.0" encoding="UTF-8"?>
<!-- Generated by org.testng.reporters.JUnitReportReporter -->
<testsuite hostname="Mypc" name="grid.GridEg" tests="2" failures="0" timestamp="27 May 2019 00:15:18 GMT" time="104.847" errors="0">
  <testcase name="grid" time="39.830" classname="grid.GridEg"/>
  <testcase name="grid" time="65.017" classname="grid.GridEg"/>
</testsuite> <!-- grid.GridEg -->
