<?xml version="1.0" encoding="UTF-8"?>
<!-- Generated by org.testng.reporters.JUnitReportReporter -->
<testsuite hostname="Mypc" name="testNG.BasicAnnotationsEg" tests="3" failures="0" timestamp="25 May 2019 00:11:52 GMT" time="0.098" errors="0">
  <testcase name="function2" time="0.013" classname="testNG.BasicAnnotationsEg"/>
  <testcase name="a" time="0.027" classname="testNG.BasicAnnotationsEg"/>
  <testcase name="function1" time="0.058" classname="testNG.BasicAnnotationsEg"/>
</testsuite> <!-- testNG.BasicAnnotationsEg -->
